# JRE version: OpenJDK Runtime Environment (11.0.2+9) (build 11.0.2+9)
# Java VM: OpenJDK 64-Bit Server VM (11.0.2+9, mixed mode, tiered, compressed oops, g1 gc, windows-amd64)
Heap:
 garbage-first heap   total 258048K, used 40803K [0x0000000704600000, 0x0000000800000000)
  region size 1024K, 36 young (36864K), 5 survivors (5120K)
 Metaspace       used 30152K, capacity 31054K, committed 31360K, reserved 1077248K
  class space    used 3314K, capacity 3653K, committed 3712K, reserved 1048576K
GC Heap History (6 events):
Event: 3.029 GC heap before
{Heap before GC invocations=0 (full 0):
 garbage-first heap   total 258048K, used 23552K [0x0000000704600000, 0x0000000800000000)
  region size 1024K, 24 young (24576K), 0 survivors (0K)
 Metaspace       used 14235K, capacity 14455K, committed 14592K, reserved 1062912K
  class space    used 1385K, capacity 1478K, committed 1536K, reserved 1048576K
}
Event: 3.034 GC heap after
{Heap after GC invocations=1 (full 0):
 garbage-first heap   total 258048K, used 6152K [0x0000000704600000, 0x0000000800000000)
  region size 1024K, 3 young (3072K), 3 survivors (3072K)
 Metaspace       used 14235K, capacity 14455K, committed 14592K, reserved 1062912K
  class space    used 1385K, capacity 1478K, committed 1536K, reserved 1048576K
}
Event: 4.045 GC heap before
{Heap before GC invocations=1 (full 0):
 garbage-first heap   total 258048K, used 35848K [0x0000000704600000, 0x0000000800000000)
  region size 1024K, 33 young (33792K), 3 survivors (3072K)
 Metaspace       used 20710K, capacity 21147K, committed 21248K, reserved 1069056K
  class space    used 2136K, capacity 2294K, committed 2304K, reserved 1048576K
}
Event: 4.052 GC heap after
{Heap after GC invocations=2 (full 0):
 garbage-first heap   total 258048K, used 8079K [0x0000000704600000, 0x0000000800000000)
  region size 1024K, 5 young (5120K), 5 survivors (5120K)
 Metaspace       used 20710K, capacity 21147K, committed 21248K, reserved 1069056K
  class space    used 2136K, capacity 2294K, committed 2304K, reserved 1048576K
}
Event: 29.845 GC heap before
{Heap before GC invocations=3 (full 0):
 garbage-first heap   total 258048K, used 37775K [0x0000000704600000, 0x0000000800000000)
  region size 1024K, 35 young (35840K), 5 survivors (5120K)
 Metaspace       used 27198K, capacity 27964K, committed 28160K, reserved 1075200K
  class space    used 2990K, capacity 3274K, committed 3328K, reserved 1048576K
}
Event: 29.859 GC heap after
{Heap after GC invocations=4 (full 0):
 garbage-first heap   total 258048K, used 11107K [0x0000000704600000, 0x0000000800000000)
  region size 1024K, 5 young (5120K), 5 survivors (5120K)
 Metaspace       used 27198K, capacity 27964K, committed 28160K, reserved 1075200K
  class space    used 2990K, capacity 3274K, committed 3328K, reserved 1048576K
}

